Activated environment: /opt/itu/easybuild/software/Anaconda3/2025.06-1/bin/python
The following values were not passed to `accelerate launch` and had defaults used instead:
	`--num_processes` was set to a value of `2`
		More than one GPU was found, enabling multi-GPU training.
		If this was unintended please pass in `--num_processes=1`.
	`--num_machines` was set to a value of `1`
	`--mixed_precision` was set to a value of `'no'`
	`--dynamo_backend` was set to a value of `'no'`
To avoid this warning pass in values for each of the problematic parameters or run `accelerate config`.
Traceback (most recent call last):
  File "/home/argy/extractor/src/experiments/scripts/run_clm_no_trainer.py", line 801, in <module>
Traceback (most recent call last):
  File "/home/argy/extractor/src/experiments/scripts/run_clm_no_trainer.py", line 801, in <module>
    main()
      File "/home/argy/extractor/src/experiments/scripts/run_clm_no_trainer.py", line 795, in main
main()
  File "/home/argy/extractor/src/experiments/scripts/run_clm_no_trainer.py", line 795, in main
    name=f"{args_copy.condition}_seed{s}"
    name=f"{args_copy.condition}_seed{s}"
                      ^ ^ ^^^^^^^^^^^^^^^^^^^^^^^^^^^^^^^^^^
^^
AttributeError: 'Namespace' object has no attribute 'condition'AttributeError: 'Namespace' object has no attribute 'condition'

E0805 16:53:09.276000 1537250 site-packages/torch/distributed/elastic/multiprocessing/api.py:874] failed (exitcode: 1) local_rank: 0 (pid: 1537327) of binary: /home/argy/.conda/envs/trainbaby/bin/python3.12
Traceback (most recent call last):
  File "/home/argy/.conda/envs/trainbaby/bin/accelerate", line 8, in <module>
    sys.exit(main())
             ^^^^^^
  File "/home/argy/.conda/envs/trainbaby/lib/python3.12/site-packages/accelerate/commands/accelerate_cli.py", line 50, in main
    args.func(args)
  File "/home/argy/.conda/envs/trainbaby/lib/python3.12/site-packages/accelerate/commands/launch.py", line 1189, in launch_command
    multi_gpu_launcher(args)
  File "/home/argy/.conda/envs/trainbaby/lib/python3.12/site-packages/accelerate/commands/launch.py", line 815, in multi_gpu_launcher
    distrib_run.run(args)
  File "/home/argy/.conda/envs/trainbaby/lib/python3.12/site-packages/torch/distributed/run.py", line 883, in run
    elastic_launch(
  File "/home/argy/.conda/envs/trainbaby/lib/python3.12/site-packages/torch/distributed/launcher/api.py", line 139, in __call__
    return launch_agent(self._config, self._entrypoint, list(args))
           ^^^^^^^^^^^^^^^^^^^^^^^^^^^^^^^^^^^^^^^^^^^^^^^^^^^^^^^^
  File "/home/argy/.conda/envs/trainbaby/lib/python3.12/site-packages/torch/distributed/launcher/api.py", line 270, in launch_agent
    raise ChildFailedError(
torch.distributed.elastic.multiprocessing.errors.ChildFailedError: 
============================================================
run_clm_no_trainer.py FAILED
------------------------------------------------------------
Failures:
[1]:
  time      : 2025-08-05_16:53:09
  host      : cn11.hpc.itu.dk
  rank      : 1 (local_rank: 1)
  exitcode  : 1 (pid: 1537328)
  error_file: <N/A>
  traceback : To enable traceback see: https://pytorch.org/docs/stable/elastic/errors.html
------------------------------------------------------------
Root Cause (first observed failure):
[0]:
  time      : 2025-08-05_16:53:09
  host      : cn11.hpc.itu.dk
  rank      : 0 (local_rank: 0)
  exitcode  : 1 (pid: 1537327)
  error_file: <N/A>
  traceback : To enable traceback see: https://pytorch.org/docs/stable/elastic/errors.html
============================================================
